<?xml version="1.0" encoding="UTF-8"?>
<!-- Generated by org.testng.reporters.JUnitReportReporter -->
<testsuite hostname="DESKTOP-E69K95O" name="com.agile1tech.tests.signupTest" tests="2" failures="0" timestamp="14 Dec 2019 17:47:04 GMT" time="0.011" errors="0">
  <testcase name="validateURL" time="0.009" classname="com.agile1tech.tests.signupTest"/>
  <testcase name="validateTitle" time="0.002" classname="com.agile1tech.tests.signupTest"/>
</testsuite> <!-- com.agile1tech.tests.signupTest -->
