<?xml version="1.0" encoding="UTF-8"?>
<!-- Generated by org.testng.reporters.JUnitReportReporter -->
<testsuite hostname="DESKTOP-E69K95O" name="com.progressive.Tests.validateInsOptions" tests="2" failures="0" timestamp="15 Dec 2019 19:32:52 GMT" time="0.136" errors="0">
  <testcase name="validateInsuranceOptionsHome" time="0.050" classname="com.progressive.Tests.validateInsOptions"/>
  <testcase name="validateInsuranceOptionsAuto" time="0.086" classname="com.progressive.Tests.validateInsOptions"/>
</testsuite> <!-- com.progressive.Tests.validateInsOptions -->
