<?xml version="1.0" encoding="UTF-8"?>
<!-- Generated by org.testng.reporters.JUnitReportReporter -->
<testsuite hostname="DESKTOP-E69K95O" name="com.progressive.Tests.validateHomePage" tests="1" failures="0" timestamp="15 Dec 2019 19:39:28 GMT" time="0.012" errors="0">
  <testcase name="validateTitle" time="0.012" classname="com.progressive.Tests.validateHomePage"/>
</testsuite> <!-- com.progressive.Tests.validateHomePage -->
